<?xml version="1.0" encoding="UTF-8"?>
<testsuite name="toDoApplication.view.OptionTest" tests="15" skipped="0" failures="0" errors="0" timestamp="2020-04-07T17:48:03" hostname="MSI" time="0.012">
  <properties/>
  <testcase name="getNumberOfArgs" classname="toDoApplication.view.OptionTest" time="0.0"/>
  <testcase name="testProcessValue" classname="toDoApplication.view.OptionTest" time="0.001"/>
  <testcase name="hasArg" classname="toDoApplication.view.OptionTest" time="0.001"/>
  <testcase name="isRequired" classname="toDoApplication.view.OptionTest" time="0.001"/>
  <testcase name="testToString" classname="toDoApplication.view.OptionTest" time="0.0"/>
  <testcase name="getArgName" classname="toDoApplication.view.OptionTest" time="0.0"/>
  <testcase name="hasArgs" classname="toDoApplication.view.OptionTest" time="0.0"/>
  <testcase name="testHashCode" classname="toDoApplication.view.OptionTest" time="0.0"/>
  <testcase name="testAddArg" classname="toDoApplication.view.OptionTest" time="0.001"/>
  <testcase name="testEquals" classname="toDoApplication.view.OptionTest" time="0.001"/>
  <testcase name="getLongOpt" classname="toDoApplication.view.OptionTest" time="0.0"/>
  <testcase name="getValuesList" classname="toDoApplication.view.OptionTest" time="0.0"/>
  <testcase name="invalidConstructor" classname="toDoApplication.view.OptionTest" time="0.0"/>
  <testcase name="getDescription" classname="toDoApplication.view.OptionTest" time="0.001"/>
  <testcase name="getValue" classname="toDoApplication.view.OptionTest" time="0.0"/>
  <system-out><![CDATA[]]></system-out>
  <system-err><![CDATA[]]></system-err>
</testsuite>
