<?xml version="1.0" encoding="UTF-8"?>
<testsuite name="toDoApplication.view.OptionValidatorTest" tests="1" skipped="0" failures="0" errors="0" timestamp="2020-04-07T17:48:03" hostname="MSI" time="0.001">
  <properties/>
  <testcase name="validateOption" classname="toDoApplication.view.OptionValidatorTest" time="0.001"/>
  <system-out><![CDATA[]]></system-out>
  <system-err><![CDATA[]]></system-err>
</testsuite>
