<?xml version="1.0" encoding="UTF-8"?>
<testsuite name="toDoApplication.model.ColumnConstantsTest" tests="1" skipped="0" failures="0" errors="0" timestamp="2020-04-07T17:48:03" hostname="MSI" time="0.0">
  <properties/>
  <testcase name="testConstants" classname="toDoApplication.model.ColumnConstantsTest" time="0.0"/>
  <system-out><![CDATA[]]></system-out>
  <system-err><![CDATA[]]></system-err>
</testsuite>
