<?xml version="1.0" encoding="UTF-8"?>
<testsuite name="toDoApplication.view.ValidCmdCheckerTest" tests="3" skipped="0" failures="0" errors="0" timestamp="2020-04-07T17:48:03" hostname="MSI" time="0.002">
  <properties/>
  <testcase name="checkCmd2" classname="toDoApplication.view.ValidCmdCheckerTest" time="0.0"/>
  <testcase name="checkCmd3" classname="toDoApplication.view.ValidCmdCheckerTest" time="0.0"/>
  <testcase name="checkCmd" classname="toDoApplication.view.ValidCmdCheckerTest" time="0.001"/>
  <system-out><![CDATA[]]></system-out>
  <system-err><![CDATA[]]></system-err>
</testsuite>
