<?xml version="1.0" encoding="UTF-8"?>
<testsuite name="toDoApplication.view.CommandLineParserTest" tests="4" skipped="0" failures="0" errors="0" timestamp="2020-04-07T17:48:03" hostname="MSI" time="0.019">
  <properties/>
  <testcase name="parse1" classname="toDoApplication.view.CommandLineParserTest" time="0.006"/>
  <testcase name="parse2" classname="toDoApplication.view.CommandLineParserTest" time="0.009"/>
  <testcase name="parse3" classname="toDoApplication.view.CommandLineParserTest" time="0.001"/>
  <testcase name="parse" classname="toDoApplication.view.CommandLineParserTest" time="0.001"/>
  <system-out><![CDATA[]]></system-out>
  <system-err><![CDATA[]]></system-err>
</testsuite>
