<?xml version="1.0" encoding="UTF-8"?>
<testsuite name="toDoApplication.view.OptionsTest" tests="11" skipped="0" failures="0" errors="0" timestamp="2020-04-07T17:48:03" hostname="MSI" time="0.006">
  <properties/>
  <testcase name="testToString" classname="toDoApplication.view.OptionsTest" time="0.001"/>
  <testcase name="getRequiredOptions" classname="toDoApplication.view.OptionsTest" time="0.001"/>
  <testcase name="hasOption" classname="toDoApplication.view.OptionsTest" time="0.0"/>
  <testcase name="getOption2" classname="toDoApplication.view.OptionsTest" time="0.001"/>
  <testcase name="getOption3" classname="toDoApplication.view.OptionsTest" time="0.0"/>
  <testcase name="addOption" classname="toDoApplication.view.OptionsTest" time="0.001"/>
  <testcase name="getMatchingOptions" classname="toDoApplication.view.OptionsTest" time="0.0"/>
  <testcase name="getOption" classname="toDoApplication.view.OptionsTest" time="0.001"/>
  <testcase name="testHashCode" classname="toDoApplication.view.OptionsTest" time="0.0"/>
  <testcase name="testEquals" classname="toDoApplication.view.OptionsTest" time="0.001"/>
  <testcase name="getMatchingOptionsMultiple" classname="toDoApplication.view.OptionsTest" time="0.0"/>
  <system-out><![CDATA[]]></system-out>
  <system-err><![CDATA[]]></system-err>
</testsuite>
