<?xml version="1.0" encoding="UTF-8"?>
<testsuite name="toDoApplication.model.ToDoTest" tests="8" skipped="0" failures="0" errors="0" timestamp="2020-04-07T17:48:03" hostname="MSI" time="0.005">
  <properties/>
  <testcase name="testToString" classname="toDoApplication.model.ToDoTest" time="0.001"/>
  <testcase name="isCompleted" classname="toDoApplication.model.ToDoTest" time="0.001"/>
  <testcase name="compareToDos" classname="toDoApplication.model.ToDoTest" time="0.0"/>
  <testcase name="setCompleted" classname="toDoApplication.model.ToDoTest" time="0.0"/>
  <testcase name="testHashCode" classname="toDoApplication.model.ToDoTest" time="0.0"/>
  <testcase name="getPriority" classname="toDoApplication.model.ToDoTest" time="0.0"/>
  <testcase name="testEquals" classname="toDoApplication.model.ToDoTest" time="0.001"/>
  <testcase name="getCategory" classname="toDoApplication.model.ToDoTest" time="0.0"/>
  <system-out><![CDATA[]]></system-out>
  <system-err><![CDATA[]]></system-err>
</testsuite>
