<?xml version="1.0" encoding="UTF-8"?>
<testsuite name="toDoApplication.model.FileExtractTest" tests="1" skipped="0" failures="0" errors="0" timestamp="2020-04-07T17:48:03" hostname="MSI" time="0.005">
  <properties/>
  <testcase name="getToDoList" classname="toDoApplication.model.FileExtractTest" time="0.005"/>
  <system-out><![CDATA[]]></system-out>
  <system-err><![CDATA[]]></system-err>
</testsuite>
